<?xml version="1.0" encoding="UTF-8"?>
<testng-results ignored="0" total="4" passed="4" failed="0" skipped="0">
  <reporter-output>
  </reporter-output>
  <suite started-at="2023-05-14T12:35:20 IST" name="Default suite" finished-at="2023-05-14T12:35:20 IST" duration-ms="164">
    <groups>
    </groups>
    <test started-at="2023-05-14T12:35:20 IST" name="Default test" finished-at="2023-05-14T12:35:20 IST" duration-ms="164">
      <class name="com.Annotation2.testNg">
        <test-method signature="Method3()[pri:0, instance:com.Annotation2.testNg@355ce81c]" started-at="2023-05-14T12:35:20 IST" name="Method3" finished-at="2023-05-14T12:35:20 IST" duration-ms="19" status="PASS">
          <reporter-output>
          </reporter-output>
        </test-method> <!-- Method3 -->
        <test-method signature="Method4()[pri:0, instance:com.Annotation2.testNg@355ce81c]" started-at="2023-05-14T12:35:20 IST" name="Method4" finished-at="2023-05-14T12:35:20 IST" duration-ms="3" status="PASS">
          <reporter-output>
          </reporter-output>
        </test-method> <!-- Method4 -->
        <test-method signature="method1()[pri:0, instance:com.Annotation2.testNg@355ce81c]" started-at="2023-05-14T12:35:20 IST" name="method1" finished-at="2023-05-14T12:35:20 IST" duration-ms="4" status="PASS">
          <reporter-output>
          </reporter-output>
        </test-method> <!-- method1 -->
        <test-method signature="method2()[pri:0, instance:com.Annotation2.testNg@355ce81c]" started-at="2023-05-14T12:35:20 IST" name="method2" finished-at="2023-05-14T12:35:20 IST" duration-ms="3" status="PASS">
          <reporter-output>
          </reporter-output>
        </test-method> <!-- method2 -->
      </class> <!-- com.Annotation2.testNg -->
    </test> <!-- Default test -->
  </suite> <!-- Default suite -->
</testng-results>
