<?xml version="1.0" encoding="UTF-8"?>
<!-- Generated by org.testng.reporters.JUnitXMLReporter -->
<testsuite ignored="0" hostname="DESKTOP-P6T3KO6" failures="0" tests="4" name="Default test" time="0.164" errors="0" timestamp="2023-05-14T12:35:20 IST">
  <testcase classname="com.Annotation2.testNg" name="Method3" time="0.019"/>
  <testcase classname="com.Annotation2.testNg" name="Method4" time="0.003"/>
  <testcase classname="com.Annotation2.testNg" name="method1" time="0.004"/>
  <testcase classname="com.Annotation2.testNg" name="method2" time="0.003"/>
</testsuite> <!-- Default test -->
