<?xml version="1.0" encoding="UTF-8"?>
<testng-results ignored="0" total="3" passed="3" failed="0" skipped="0">
  <reporter-output>
  </reporter-output>
  <suite started-at="2023-05-19T11:33:54 IST" name="Default suite" finished-at="2023-05-19T11:34:16 IST" duration-ms="22865">
    <groups>
    </groups>
    <test started-at="2023-05-19T11:33:54 IST" name="Default test" finished-at="2023-05-19T11:34:16 IST" duration-ms="22865">
      <class name="com.TestCases.OrangeHRMApplication_LoginTest">
        <test-method is-config="true" signature="setUp()[pri:0, instance:com.TestCases.OrangeHRMApplication_LoginTest@693fe6c9]" started-at="2023-05-19T11:33:54 IST" name="setUp" finished-at="2023-05-19T11:34:00 IST" duration-ms="6648" status="PASS">
          <reporter-output>
          </reporter-output>
        </test-method> <!-- setUp -->
        <test-method signature="validatingOrangeHRMApplicationLogInPageTest()[pri:1, instance:com.TestCases.OrangeHRMApplication_LoginTest@693fe6c9]" started-at="2023-05-19T11:34:00 IST" name="validatingOrangeHRMApplicationLogInPageTest" description="valadating orangeHRMapplication Homepage " finished-at="2023-05-19T11:34:01 IST" duration-ms="188" status="PASS">
          <reporter-output>
          </reporter-output>
        </test-method> <!-- validatingOrangeHRMApplicationLogInPageTest -->
        <test-method signature="validatingOrangeHRMApplicationLoginFunctionality()[pri:2, instance:com.TestCases.OrangeHRMApplication_LoginTest@693fe6c9]" started-at="2023-05-19T11:34:01 IST" name="validatingOrangeHRMApplicationLoginFunctionality" description="Validating OrangeHRM Application LogIn Functionality Test" finished-at="2023-05-19T11:34:08 IST" duration-ms="7023" status="PASS">
          <reporter-output>
          </reporter-output>
        </test-method> <!-- validatingOrangeHRMApplicationLoginFunctionality -->
        <test-method signature="validatingOrangeHRMApplicationLogoutFunctionality()[pri:3, instance:com.TestCases.OrangeHRMApplication_LoginTest@693fe6c9]" started-at="2023-05-19T11:34:08 IST" name="validatingOrangeHRMApplicationLogoutFunctionality" description="validating LogOut Functionality" finished-at="2023-05-19T11:34:15 IST" duration-ms="7258" status="PASS">
          <reporter-output>
          </reporter-output>
        </test-method> <!-- validatingOrangeHRMApplicationLogoutFunctionality -->
        <test-method is-config="true" signature="tearDown()[pri:0, instance:com.TestCases.OrangeHRMApplication_LoginTest@693fe6c9]" started-at="2023-05-19T11:34:15 IST" name="tearDown" finished-at="2023-05-19T11:34:16 IST" duration-ms="1616" status="PASS">
          <reporter-output>
          </reporter-output>
        </test-method> <!-- tearDown -->
      </class> <!-- com.TestCases.OrangeHRMApplication_LoginTest -->
    </test> <!-- Default test -->
  </suite> <!-- Default suite -->
</testng-results>
