<?xml version="1.0" encoding="UTF-8"?>
<!-- Generated by org.testng.reporters.JUnitXMLReporter -->
<testsuite ignored="0" hostname="DESKTOP-P6T3KO6" failures="0" tests="3" name="Default test" time="22.865" errors="0" timestamp="2023-05-19T11:34:17 IST">
  <testcase classname="com.TestCases.OrangeHRMApplication_LoginTest" name="validatingOrangeHRMApplicationLogInPageTest" time="0.188"/>
  <testcase classname="com.TestCases.OrangeHRMApplication_LoginTest" name="validatingOrangeHRMApplicationLoginFunctionality" time="7.023"/>
  <testcase classname="com.TestCases.OrangeHRMApplication_LoginTest" name="validatingOrangeHRMApplicationLogoutFunctionality" time="7.258"/>
</testsuite> <!-- Default test -->
