<?xml version="1.0" encoding="UTF-8"?>
<testng-results ignored="0" total="1" passed="1" failed="0" skipped="0">
  <reporter-output>
  </reporter-output>
  <suite started-at="2023-05-23T17:50:31 IST" name="Default suite" finished-at="2023-05-23T17:50:43 IST" duration-ms="11777">
    <groups>
    </groups>
    <test started-at="2023-05-23T17:50:31 IST" name="Default test" finished-at="2023-05-23T17:50:43 IST" duration-ms="11777">
      <class name="com.RedIff.RedIff">
        <test-method is-config="true" signature="SetUp()[pri:0, instance:com.RedIff.RedIff@49c7b90e]" started-at="2023-05-23T17:50:31 IST" name="SetUp" finished-at="2023-05-23T17:50:41 IST" duration-ms="9167" status="PASS">
          <reporter-output>
          </reporter-output>
        </test-method> <!-- SetUp -->
        <test-method signature="validatingFullName()[pri:0, instance:com.RedIff.RedIff@49c7b90e]" started-at="2023-05-23T17:50:41 IST" name="validatingFullName" finished-at="2023-05-23T17:50:43 IST" duration-ms="2170" status="PASS">
          <reporter-output>
          </reporter-output>
        </test-method> <!-- validatingFullName -->
        <test-method is-config="true" signature="tearDown()[pri:0, instance:com.RedIff.RedIff@49c7b90e]" started-at="2023-05-23T17:50:43 IST" name="tearDown" finished-at="2023-05-23T17:50:43 IST" duration-ms="355" status="PASS">
          <reporter-output>
          </reporter-output>
        </test-method> <!-- tearDown -->
      </class> <!-- com.RedIff.RedIff -->
    </test> <!-- Default test -->
  </suite> <!-- Default suite -->
</testng-results>
